<?xml version="1.0" encoding="UTF-8"?>
<!-- Generated by org.testng.reporters.JUnitXMLReporter -->
<testsuite ignored="2" hostname="DESKTOP-I9VHKA5" failures="0" tests="3" name="Test" time="155.347" errors="0" timestamp="2023-01-25T11:55:52 IST">
  <testcase classname="vTiger.OrganizationsTests.CreateOrganizationTest" name="createOrgTest" time="45.338"/>
  <testcase classname="vTiger.ContactsTests.CreateContactWithOrganizationTest" name="DemoTest" time="0.004"/>
  <testcase classname="vTiger.ContactsTests.CreateContactWithOrganizationTest" name="createContactWithOrgTest" time="26.966"/>
  <testcase classname="vTiger.GenericUtilities.BaseClass" name="@AfterSuite asConfig" time="0.0">
    <ignored/>
  </testcase> <!-- @AfterSuite asConfig -->
  <testcase classname="vTiger.GenericUtilities.BaseClass" name="@BeforeSuite bsConfig" time="0.0">
    <ignored/>
  </testcase> <!-- @BeforeSuite bsConfig -->
</testsuite> <!-- Test -->
