<?xml version="1.0" encoding="UTF-8"?>
<testng-results ignored="0" total="0" passed="0" failed="0" skipped="0">
  <reporter-output>
  </reporter-output>
  <suite started-at="2023-01-11T13:59:45 IST" name="Suite" finished-at="2023-01-11T13:59:45 IST" duration-ms="0">
    <groups>
      <group name="ReggressionSuite">
        <method signature="CreateContactWithOrganizationTest.DemoTest()[pri:0, instance:vTiger.ContactsTests.CreateContactWithOrganizationTest@483f6d77]" name="DemoTest" class="vTiger.ContactsTests.CreateContactWithOrganizationTest"/>
        <method signature="CreateContactWithOrganizationTest.DemoTest()[pri:0, instance:vTiger.ContactsTests.CreateContactWithOrganizationTest@74751b3]" name="DemoTest" class="vTiger.ContactsTests.CreateContactWithOrganizationTest"/>
      </group> <!-- ReggressionSuite -->
      <group name="SmokeSuite">
        <method signature="CreateContactWithOrganizationTest.createContactWithOrgTest()[pri:0, instance:vTiger.ContactsTests.CreateContactWithOrganizationTest@483f6d77]" name="createContactWithOrgTest" class="vTiger.ContactsTests.CreateContactWithOrganizationTest"/>
        <method signature="CreateContactWithOrganizationTest.createContactWithOrgTest()[pri:0, instance:vTiger.ContactsTests.CreateContactWithOrganizationTest@74751b3]" name="createContactWithOrgTest" class="vTiger.ContactsTests.CreateContactWithOrganizationTest"/>
      </group> <!-- SmokeSuite -->
    </groups>
  </suite> <!-- Suite -->
</testng-results>
