<?xml version="1.0" encoding="UTF-8"?>
<testng-results ignored="2" total="5" passed="3" failed="0" skipped="0">
  <reporter-output>
    <line>
      <![CDATA[Organization is clicked]]>
    </line>
    <line>
      <![CDATA[Create organization look up image is clicked]]>
    </line>
    <line>
      <![CDATA[Organization is created with Wipro707]]>
    </line>
    <line>
      <![CDATA[Contacts link is clicked]]>
    </line>
    <line>
      <![CDATA[Create Contacts loop up image is clicked]]>
    </line>
    <line>
      <![CDATA[New Contact with organization is created ->Chaitra]]>
    </line>
  </reporter-output>
  <suite started-at="2023-01-25T11:53:16 IST" name="Suite" finished-at="2023-01-25T11:55:52 IST" duration-ms="155347">
    <groups>
      <group name="ReggressionSuite">
        <method signature="CreateContactWithOrganizationTest.DemoTest()[pri:0, instance:vTiger.ContactsTests.CreateContactWithOrganizationTest@52b1beb6]" name="DemoTest" class="vTiger.ContactsTests.CreateContactWithOrganizationTest"/>
      </group> <!-- ReggressionSuite -->
      <group name="SmokeSuite">
        <method signature="CreateContactWithOrganizationTest.createContactWithOrgTest()[pri:0, instance:vTiger.ContactsTests.CreateContactWithOrganizationTest@52b1beb6]" name="createContactWithOrgTest" class="vTiger.ContactsTests.CreateContactWithOrganizationTest"/>
      </group> <!-- SmokeSuite -->
    </groups>
    <test started-at="2023-01-25T11:53:16 IST" name="Test" finished-at="2023-01-25T11:55:52 IST" duration-ms="155347">
      <class name="vTiger.OrganizationsTests.CreateOrganizationTest">
        <test-method is-config="true" signature="bsConfig()[pri:0, instance:vTiger.OrganizationsTests.CreateOrganizationTest@4efac082]" started-at="2023-01-25T11:53:16 IST" name="bsConfig" finished-at="2023-01-25T11:53:16 IST" duration-ms="12" status="PASS">
          <reporter-output>
          </reporter-output>
        </test-method> <!-- bsConfig -->
        <test-method is-config="true" signature="bcConfig()[pri:0, instance:vTiger.OrganizationsTests.CreateOrganizationTest@4efac082]" started-at="2023-01-25T11:53:17 IST" name="bcConfig" finished-at="2023-01-25T11:53:47 IST" duration-ms="29906" status="PASS">
          <reporter-output>
          </reporter-output>
        </test-method> <!-- bcConfig -->
        <test-method is-config="true" signature="bmConfig()[pri:0, instance:vTiger.OrganizationsTests.CreateOrganizationTest@4efac082]" started-at="2023-01-25T11:53:47 IST" name="bmConfig" finished-at="2023-01-25T11:54:18 IST" duration-ms="31221" status="PASS">
          <reporter-output>
          </reporter-output>
        </test-method> <!-- bmConfig -->
        <test-method signature="createOrgTest()[pri:0, instance:vTiger.OrganizationsTests.CreateOrganizationTest@4efac082]" started-at="2023-01-25T11:54:18 IST" name="createOrgTest" finished-at="2023-01-25T11:55:04 IST" duration-ms="45338" status="PASS">
          <reporter-output>
          </reporter-output>
        </test-method> <!-- createOrgTest -->
        <test-method is-config="true" signature="amConfig()[pri:0, instance:vTiger.OrganizationsTests.CreateOrganizationTest@4efac082]" started-at="2023-01-25T11:55:04 IST" name="amConfig" finished-at="2023-01-25T11:55:07 IST" duration-ms="3383" status="PASS">
          <reporter-output>
          </reporter-output>
        </test-method> <!-- amConfig -->
        <test-method is-config="true" signature="acConfig()[pri:0, instance:vTiger.OrganizationsTests.CreateOrganizationTest@4efac082]" started-at="2023-01-25T11:55:07 IST" name="acConfig" finished-at="2023-01-25T11:55:08 IST" duration-ms="724" status="PASS">
          <reporter-output>
          </reporter-output>
        </test-method> <!-- acConfig -->
        <test-method is-config="true" signature="asConfig()[pri:0, instance:vTiger.OrganizationsTests.CreateOrganizationTest@4efac082]" started-at="2023-01-25T11:55:52 IST" name="asConfig" finished-at="2023-01-25T11:55:52 IST" duration-ms="1" status="PASS">
          <reporter-output>
          </reporter-output>
        </test-method> <!-- asConfig -->
      </class> <!-- vTiger.OrganizationsTests.CreateOrganizationTest -->
      <class name="vTiger.ContactsTests.CreateContactWithOrganizationTest">
        <test-method is-config="true" signature="bcConfig()[pri:0, instance:vTiger.ContactsTests.CreateContactWithOrganizationTest@52b1beb6]" started-at="2023-01-25T11:55:08 IST" name="bcConfig" finished-at="2023-01-25T11:55:13 IST" duration-ms="5130" status="PASS">
          <reporter-output>
          </reporter-output>
        </test-method> <!-- bcConfig -->
        <test-method is-config="true" signature="bmConfig()[pri:0, instance:vTiger.ContactsTests.CreateContactWithOrganizationTest@52b1beb6]" started-at="2023-01-25T11:55:13 IST" name="bmConfig" finished-at="2023-01-25T11:55:16 IST" duration-ms="3061" status="PASS">
          <reporter-output>
          </reporter-output>
        </test-method> <!-- bmConfig -->
        <test-method signature="DemoTest()[pri:0, instance:vTiger.ContactsTests.CreateContactWithOrganizationTest@52b1beb6]" started-at="2023-01-25T11:55:16 IST" name="DemoTest" finished-at="2023-01-25T11:55:16 IST" duration-ms="4" status="PASS">
          <reporter-output>
          </reporter-output>
        </test-method> <!-- DemoTest -->
        <test-method is-config="true" signature="amConfig()[pri:0, instance:vTiger.ContactsTests.CreateContactWithOrganizationTest@52b1beb6]" started-at="2023-01-25T11:55:16 IST" name="amConfig" finished-at="2023-01-25T11:55:20 IST" duration-ms="3698" status="PASS">
          <reporter-output>
          </reporter-output>
        </test-method> <!-- amConfig -->
        <test-method is-config="true" signature="bmConfig()[pri:0, instance:vTiger.ContactsTests.CreateContactWithOrganizationTest@52b1beb6]" started-at="2023-01-25T11:55:20 IST" name="bmConfig" finished-at="2023-01-25T11:55:22 IST" duration-ms="2532" status="PASS">
          <reporter-output>
          </reporter-output>
        </test-method> <!-- bmConfig -->
        <test-method signature="createContactWithOrgTest()[pri:0, instance:vTiger.ContactsTests.CreateContactWithOrganizationTest@52b1beb6]" started-at="2023-01-25T11:55:22 IST" name="createContactWithOrgTest" finished-at="2023-01-25T11:55:49 IST" duration-ms="26966" status="PASS">
          <reporter-output>
            <line>
              <![CDATA[Organization is clicked]]>
            </line>
            <line>
              <![CDATA[Create organization look up image is clicked]]>
            </line>
            <line>
              <![CDATA[Organization is created with Wipro707]]>
            </line>
            <line>
              <![CDATA[Contacts link is clicked]]>
            </line>
            <line>
              <![CDATA[Create Contacts loop up image is clicked]]>
            </line>
            <line>
              <![CDATA[New Contact with organization is created ->Chaitra]]>
            </line>
          </reporter-output>
        </test-method> <!-- createContactWithOrgTest -->
        <test-method is-config="true" signature="amConfig()[pri:0, instance:vTiger.ContactsTests.CreateContactWithOrganizationTest@52b1beb6]" started-at="2023-01-25T11:55:49 IST" name="amConfig" finished-at="2023-01-25T11:55:51 IST" duration-ms="1937" status="PASS">
          <reporter-output>
          </reporter-output>
        </test-method> <!-- amConfig -->
        <test-method is-config="true" signature="acConfig()[pri:0, instance:vTiger.ContactsTests.CreateContactWithOrganizationTest@52b1beb6]" started-at="2023-01-25T11:55:51 IST" name="acConfig" finished-at="2023-01-25T11:55:52 IST" duration-ms="630" status="PASS">
          <reporter-output>
          </reporter-output>
        </test-method> <!-- acConfig -->
      </class> <!-- vTiger.ContactsTests.CreateContactWithOrganizationTest -->
    </test> <!-- Test -->
  </suite> <!-- Suite -->
</testng-results>
